c:\users\gustavo santos\desktop\launcher\launcher\x64\release\vc143.pdb
c:\users\gustavo santos\desktop\launcher\launcher\x64\release\renderwindow.obj
c:\users\gustavo santos\desktop\launcher\launcher\x64\release\entity.obj
c:\users\gustavo santos\desktop\launcher\launcher\x64\release\main.obj
c:\users\gustavo santos\desktop\launcher\launcher\x64\release\timestepping.obj
c:\users\gustavo santos\desktop\launcher\launcher\x64\release\math.obj
c:\users\gustavo santos\desktop\launcher\launcher\x64\release\audio.obj
c:\users\gustavo santos\desktop\launcher\x64\release\launcher.exe
c:\users\gustavo santos\desktop\launcher\x64\release\launcher.pdb
c:\users\gustavo santos\desktop\launcher\launcher\x64\release\launcher.ipdb
c:\users\gustavo santos\desktop\launcher\launcher\x64\release\launcher.iobj
c:\users\gustavo santos\desktop\launcher\launcher\x64\release\opencv_highgui_main.obj
c:\users\gustavo santos\desktop\launcher\launcher\x64\release\launcher.tlog\cl.command.1.tlog
c:\users\gustavo santos\desktop\launcher\launcher\x64\release\launcher.tlog\cl.items.tlog
c:\users\gustavo santos\desktop\launcher\launcher\x64\release\launcher.tlog\cl.read.1.tlog
c:\users\gustavo santos\desktop\launcher\launcher\x64\release\launcher.tlog\cl.write.1.tlog
c:\users\gustavo santos\desktop\launcher\launcher\x64\release\launcher.tlog\link.command.1.tlog
c:\users\gustavo santos\desktop\launcher\launcher\x64\release\launcher.tlog\link.read.1.tlog
c:\users\gustavo santos\desktop\launcher\launcher\x64\release\launcher.tlog\link.secondary.1.tlog
c:\users\gustavo santos\desktop\launcher\launcher\x64\release\launcher.tlog\link.write.1.tlog
